c:\users\zhiwen cao\documents\purdue\cgt520\mahjongproject\debug\vc141.pdb
c:\users\zhiwen cao\documents\purdue\cgt520\mahjongproject\debug\vc141.idb
c:\users\zhiwen cao\documents\purdue\cgt520\mahjongproject\debug\initshader.obj
c:\users\zhiwen cao\documents\purdue\cgt520\mahjongproject\debug\main.obj
c:\users\zhiwen cao\documents\purdue\cgt520\mahjongproject\debug\loadmesh.obj
c:\users\zhiwen cao\documents\purdue\cgt520\mahjongproject\debug\game.obj
c:\users\zhiwen cao\documents\purdue\cgt520\mahjongproject\debug\zc_glutinit.obj
c:\users\zhiwen cao\documents\purdue\cgt520\mahjongproject\debug\imgui_impl_glut.obj
c:\users\zhiwen cao\documents\purdue\cgt520\mahjongproject\debug\imgui_draw.obj
c:\users\zhiwen cao\documents\purdue\cgt520\mahjongproject\debug\imgui_demo.obj
c:\users\zhiwen cao\documents\purdue\cgt520\mahjongproject\debug\imgui.obj
c:\users\zhiwen cao\documents\purdue\cgt520\mahjongproject\debug\quad.obj
c:\users\zhiwen cao\documents\purdue\cgt520\mahjongproject\debug\particles.obj
c:\users\zhiwen cao\documents\purdue\cgt520\mahjongproject\debug\loadtexture.obj
c:\users\zhiwen cao\documents\purdue\cgt520\mahjongproject\debug\cube.obj
c:\users\zhiwen cao\documents\purdue\cgt520\mahjongproject\debug\zc_diamond.obj
c:\users\zhiwen cao\documents\purdue\cgt520\mahjongproject\debug\mahjongproj.exe
c:\users\zhiwen cao\documents\purdue\cgt520\mahjongproject\debug\mahjongproj.ilk
c:\users\zhiwen cao\documents\purdue\cgt520\mahjongproject\debug\mahjongproj.pdb
c:\users\zhiwen cao\documents\purdue\cgt520\mahjongproject\debug\textureandalpha.obj
c:\users\zhiwen cao\documents\purdue\cgt520\mahjongproject\debug\mahjong.ilk
c:\users\zhiwen cao\documents\purdue\cgt520\mahjongproject\debug\textureandalpha.ilk
c:\users\zhiwen cao\documents\purdue\cgt520\mahjongproject\debug\mahjong.pdb
c:\users\zhiwen cao\documents\purdue\cgt520\mahjongproject\debug\textureandalpha.pdb
c:\users\zhiwen cao\documents\purdue\cgt520\mahjongproject\debug\mahjongproj.tlog\cl.command.1.tlog
c:\users\zhiwen cao\documents\purdue\cgt520\mahjongproject\debug\mahjongproj.tlog\cl.read.1.tlog
c:\users\zhiwen cao\documents\purdue\cgt520\mahjongproject\debug\mahjongproj.tlog\cl.write.1.tlog
c:\users\zhiwen cao\documents\purdue\cgt520\mahjongproject\debug\mahjongproj.tlog\link.command.1.tlog
c:\users\zhiwen cao\documents\purdue\cgt520\mahjongproject\debug\mahjongproj.tlog\link.read.1.tlog
c:\users\zhiwen cao\documents\purdue\cgt520\mahjongproject\debug\mahjongproj.tlog\link.write.1.tlog
