c:\users\tim mcgraw\documents\dev\p4 workspace\dev\visual studio projects\cgt520-spring2014\textureandalpha\debug\vc140.pdb
c:\users\tim mcgraw\documents\dev\p4 workspace\dev\visual studio projects\cgt520-spring2014\textureandalpha\debug\vc140.idb
c:\users\tim mcgraw\documents\dev\p4 workspace\dev\visual studio projects\cgt520-spring2014\textureandalpha\debug\cube.obj
c:\users\tim mcgraw\documents\dev\p4 workspace\dev\visual studio projects\cgt520-spring2014\textureandalpha\debug\imgui.obj
c:\users\tim mcgraw\documents\dev\p4 workspace\dev\visual studio projects\cgt520-spring2014\textureandalpha\debug\imgui_demo.obj
c:\users\tim mcgraw\documents\dev\p4 workspace\dev\visual studio projects\cgt520-spring2014\textureandalpha\debug\imgui_draw.obj
c:\users\tim mcgraw\documents\dev\p4 workspace\dev\visual studio projects\cgt520-spring2014\textureandalpha\debug\imgui_impl_glut.obj
c:\users\tim mcgraw\documents\dev\p4 workspace\dev\visual studio projects\cgt520-spring2014\textureandalpha\debug\initshader.obj
c:\users\tim mcgraw\documents\dev\p4 workspace\dev\visual studio projects\cgt520-spring2014\textureandalpha\debug\particles.obj
c:\users\tim mcgraw\documents\dev\p4 workspace\dev\visual studio projects\cgt520-spring2014\textureandalpha\debug\quad.obj
c:\users\tim mcgraw\documents\dev\p4 workspace\dev\visual studio projects\cgt520-spring2014\textureandalpha\debug\textureandalpha.obj
c:\users\tim mcgraw\documents\dev\p4 workspace\dev\visual studio projects\cgt520-spring2014\textureandalpha\debug\loadmesh.obj
c:\users\tim mcgraw\documents\dev\p4 workspace\dev\visual studio projects\cgt520-spring2014\textureandalpha\debug\loadtexture.obj
c:\users\tim mcgraw\documents\dev\p4 workspace\dev\visual studio projects\cgt520-spring2014\debug\textureandalpha.ilk
c:\users\tim mcgraw\documents\dev\p4 workspace\dev\visual studio projects\cgt520-spring2014\debug\textureandalpha.exe
c:\users\tim mcgraw\documents\dev\p4 workspace\dev\visual studio projects\cgt520-spring2014\debug\textureandalpha.pdb
c:\users\tim mcgraw\documents\dev\p4 workspace\dev\visual studio projects\cgt520-spring2014\textureandalpha\debug\textureandalpha.tlog\cl.command.1.tlog
c:\users\tim mcgraw\documents\dev\p4 workspace\dev\visual studio projects\cgt520-spring2014\textureandalpha\debug\textureandalpha.tlog\cl.read.1.tlog
c:\users\tim mcgraw\documents\dev\p4 workspace\dev\visual studio projects\cgt520-spring2014\textureandalpha\debug\textureandalpha.tlog\cl.write.1.tlog
c:\users\tim mcgraw\documents\dev\p4 workspace\dev\visual studio projects\cgt520-spring2014\textureandalpha\debug\textureandalpha.tlog\link.command.1.tlog
c:\users\tim mcgraw\documents\dev\p4 workspace\dev\visual studio projects\cgt520-spring2014\textureandalpha\debug\textureandalpha.tlog\link.read.1.tlog
c:\users\tim mcgraw\documents\dev\p4 workspace\dev\visual studio projects\cgt520-spring2014\textureandalpha\debug\textureandalpha.tlog\link.write.1.tlog
