u:\personal\visual studio 2015\projects\vao demo - solution\debug\vc140.pdb
u:\personal\visual studio 2015\projects\vao demo - solution\debug\vc140.idb
u:\personal\visual studio 2015\projects\vao demo - solution\debug\cube.obj
u:\personal\visual studio 2015\projects\vao demo - solution\debug\imgui.obj
u:\personal\visual studio 2015\projects\vao demo - solution\debug\imgui_demo.obj
u:\personal\visual studio 2015\projects\vao demo - solution\debug\imgui_draw.obj
u:\personal\visual studio 2015\projects\vao demo - solution\debug\imgui_impl_glut.obj
u:\personal\visual studio 2015\projects\vao demo - solution\debug\initshader.obj
u:\personal\visual studio 2015\projects\vao demo - solution\debug\particles.obj
u:\personal\visual studio 2015\projects\vao demo - solution\debug\quad.obj
u:\personal\visual studio 2015\projects\vao demo - solution\debug\triangle.obj
u:\personal\visual studio 2015\projects\vao demo - solution\debug\vao demo.obj
u:\personal\visual studio 2015\projects\vao demo - solution\debug\loadmesh.obj
u:\personal\visual studio 2015\projects\vao demo - solution\debug\loadtexture.obj
u:\personal\visual studio 2015\projects\vao demo - solution\debug\vao demo - solution.ilk
u:\personal\visual studio 2015\projects\vao demo - solution\debug\vao demo - solution.exe
u:\personal\visual studio 2015\projects\vao demo - solution\debug\vao demo - solution.pdb
u:\personal\visual studio 2015\projects\vao demo - solution\debug\vao demo.f009f0d9.tlog\cl.read.1.tlog
u:\personal\visual studio 2015\projects\vao demo - solution\debug\vao demo.f009f0d9.tlog\cl.write.1.tlog
u:\personal\visual studio 2015\projects\vao demo - solution\debug\vao demo.f009f0d9.tlog\cl.command.1.tlog
u:\personal\visual studio 2015\projects\vao demo - solution\debug\vao demo.f009f0d9.tlog\link.read.1.tlog
u:\personal\visual studio 2015\projects\vao demo - solution\debug\vao demo.f009f0d9.tlog\link.write.1.tlog
u:\personal\visual studio 2015\projects\vao demo - solution\debug\vao demo.f009f0d9.tlog\link.command.1.tlog
