c:\users\tim mcgraw\documents\dev\p4 workspace\dev\visual studio projects\cgt520-spring2014\vao demo\debug\vc140.pdb
c:\users\tim mcgraw\documents\dev\p4 workspace\dev\visual studio projects\cgt520-spring2014\vao demo\debug\vc140.idb
c:\users\tim mcgraw\documents\dev\p4 workspace\dev\visual studio projects\cgt520-spring2014\vao demo\debug\imgui.obj
c:\users\tim mcgraw\documents\dev\p4 workspace\dev\visual studio projects\cgt520-spring2014\vao demo\debug\imgui_demo.obj
c:\users\tim mcgraw\documents\dev\p4 workspace\dev\visual studio projects\cgt520-spring2014\vao demo\debug\imgui_draw.obj
c:\users\tim mcgraw\documents\dev\p4 workspace\dev\visual studio projects\cgt520-spring2014\vao demo\debug\imgui_impl_glut.obj
c:\users\tim mcgraw\documents\dev\p4 workspace\dev\visual studio projects\cgt520-spring2014\vao demo\debug\initshader.obj
c:\users\tim mcgraw\documents\dev\p4 workspace\dev\visual studio projects\cgt520-spring2014\vao demo\debug\vao demo.obj
c:\users\tim mcgraw\documents\dev\p4 workspace\dev\visual studio projects\cgt520-spring2014\vao demo\debug\loadmesh.obj
c:\users\tim mcgraw\documents\dev\p4 workspace\dev\visual studio projects\cgt520-spring2014\vao demo\debug\loadtexture.obj
c:\users\tim mcgraw\documents\dev\p4 workspace\dev\visual studio projects\cgt520-spring2014\vao demo\debug\triangle.obj
c:\users\tim mcgraw\documents\dev\p4 workspace\dev\visual studio projects\cgt520-spring2014\vao demo\debug\quad.obj
c:\users\tim mcgraw\documents\dev\p4 workspace\dev\visual studio projects\cgt520-spring2014\vao demo\debug\cube.obj
c:\users\tim mcgraw\documents\dev\p4 workspace\dev\visual studio projects\cgt520-spring2014\vao demo\debug\particles.obj
c:\users\tim mcgraw\documents\dev\p4 workspace\dev\visual studio projects\cgt520-spring2014\debug\vao demo.ilk
c:\users\tim mcgraw\documents\dev\p4 workspace\dev\visual studio projects\cgt520-spring2014\debug\vao demo.exe
c:\users\tim mcgraw\documents\dev\p4 workspace\dev\visual studio projects\cgt520-spring2014\debug\vao demo.pdb
c:\users\tim mcgraw\documents\dev\p4 workspace\dev\visual studio projects\cgt520-spring2014\vao demo\debug\vao demo.tlog\cl.command.1.tlog
c:\users\tim mcgraw\documents\dev\p4 workspace\dev\visual studio projects\cgt520-spring2014\vao demo\debug\vao demo.tlog\cl.read.1.tlog
c:\users\tim mcgraw\documents\dev\p4 workspace\dev\visual studio projects\cgt520-spring2014\vao demo\debug\vao demo.tlog\cl.write.1.tlog
c:\users\tim mcgraw\documents\dev\p4 workspace\dev\visual studio projects\cgt520-spring2014\vao demo\debug\vao demo.tlog\link.command.1.tlog
c:\users\tim mcgraw\documents\dev\p4 workspace\dev\visual studio projects\cgt520-spring2014\vao demo\debug\vao demo.tlog\link.read.1.tlog
c:\users\tim mcgraw\documents\dev\p4 workspace\dev\visual studio projects\cgt520-spring2014\vao demo\debug\vao demo.tlog\link.write.1.tlog
